<?xml version="1.0" encoding="UTF-8"?>
<!-- Generated by org.testng.reporters.JUnitReportReporter -->
<testsuite hostname="DESKTOP-I0292P0" failures="0" tests="1" name="test.Tc001_MenuNavigation" time="108.785" errors="0" timestamp="2024-08-08T13:18:34 IST" skipped="0">
  <testcase classname="test.Tc001_MenuNavigation" name="validLoginTest" time="108.785"/>
</testsuite> <!-- test.Tc001_MenuNavigation -->
