<?xml version="1.0" encoding="UTF-8"?>
<!-- Generated by org.testng.reporters.JUnitReportReporter -->
<testsuite hostname="DESKTOP-I0292P0" failures="0" tests="1" name="test.TC003_SearchAdditem" time="56.527" errors="0" timestamp="2024-08-08T13:18:34 IST" skipped="0">
  <testcase classname="test.TC003_SearchAdditem" name="validLoginTest" time="56.527"/>
</testsuite> <!-- test.TC003_SearchAdditem -->
