<?xml version="1.0" encoding="UTF-8"?>
<!-- Generated by org.testng.reporters.JUnitReportReporter -->
<testsuite hostname="DESKTOP-I0292P0" failures="0" tests="1" name="test.TC002" time="38.028" errors="0" timestamp="2024-08-08T13:18:34 IST" skipped="0">
  <testcase classname="test.TC002" name="Testcase" time="38.028"/>
</testsuite> <!-- test.TC002 -->
