<?xml version="1.0" encoding="UTF-8"?>
<!-- Generated by org.testng.reporters.JUnitReportReporter -->
<testsuite hostname="DESKTOP-I0292P0" failures="0" tests="1" name="test.TC004_Checkout" time="95.028" errors="0" timestamp="2024-08-08T13:33:50 IST" skipped="0">
  <testcase classname="test.TC004_Checkout" name="validCheckoutTest" time="95.028"/>
</testsuite> <!-- test.TC004_Checkout -->
